<?xml version="1.0" encoding="UTF-8"?>
<!-- Generated by org.testng.reporters.JUnitReportReporter -->
<testsuite hostname="Ram" failures="0" tests="4" name="testLayer.LoginTest" time="70.797" errors="0" timestamp="2023-06-22T13:51:16 EDT" skipped="0">
  <testcase classname="testLayer.LoginTest" name="Title" time="16.505"/>
  <testcase classname="testLayer.LoginTest" name="login" time="17.335"/>
  <testcase classname="testLayer.LoginTest" name="login" time="20.719"/>
  <testcase classname="testLayer.LoginTest" name="login" time="16.238"/>
</testsuite> <!-- testLayer.LoginTest -->
